libibverbs: Warning: getrlimit(RLIMIT_MEMLOCK) failed.[frog24:59783] Warning: could not find environment variable "LD_LIBRARY_PATH"
GC Warning: pthread_getattr_np or pthread_attr_getstack failed for main thread
GC Warning: pthread_getattr_np or pthread_attr_getstack failed for main thread
GC Warning: pthread_getattr_np or pthread_attr_getstack failed for main thread
GC Warning: pthread_getattr_np or pthread_attr_getstack failed for main thread
GC Warning: pthread_getattr_np or pthread_attr_getstack failed for main thread
GC Warning: pthread_getattr_np or pthread_attr_getstack failed for main thread
GC Warning: pthread_getattr_np or pthread_attr_getstack failed for main thread
GC Warning: pthread_getattr_np or pthread_attr_getstack failed for main thread
GC Warning: pthread_getattr_np or pthread_attr_getstack failed for main thread
GC Warning: pthread_getattr_np or pthread_attr_getstack failed for main thread
GC Warning: pthread_getattr_np or pthread_attr_getstack failed for main thread
GC Warning: pthread_getattr_np or pthread_attr_getstack failed for main thread
libibverbs: Warning: getrlimit(RLIMIT_MEMLOCK) failed.GC Warning: pthread_getattr_np or pthread_attr_getstack failed for main thread
libibverbs: Warning: getrlimit(RLIMIT_MEMLOCK) failed.libibverbs: Warning: getrlimit(RLIMIT_MEMLOCK) failed.libibverbs: Warning: getrlimit(RLIMIT_MEMLOCK) failed.libibverbs: Warning: getrlimit(RLIMIT_MEMLOCK) failed.GC Warning: pthread_getattr_np or pthread_attr_getstack failed for main thread
libibverbs: Warning: getrlimit(RLIMIT_MEMLOCK) failed.libibverbs: Warning: getrlimit(RLIMIT_MEMLOCK) failed.ls: cannot access /home/robertcaulk/.nix-profile: Stale file handle
/applis/ciment/v2/stow/noarch/irods_2.5/irods_completion.bash: line 69: complete: command not found
/applis/ciment/v2/stow/noarch/irods_2.5/irods_completion.bash: line 69: complete: command not found
/applis/ciment/v2/stow/noarch/irods_2.5/irods_completion.bash: line 69: complete: command not found
/applis/ciment/v2/stow/noarch/irods_2.5/irods_completion.bash: line 69: complete: command not found
/applis/ciment/v2/stow/noarch/irods_2.5/irods_completion.bash: line 69: complete: command not found
/applis/ciment/v2/stow/noarch/irods_2.5/irods_completion.bash: line 69: complete: command not found
/applis/ciment/v2/stow/noarch/irods_2.5/irods_completion.bash: line 69: complete: command not found
/applis/ciment/v2/stow/noarch/irods_2.5/irods_completion.bash: line 69: complete: command not found
/applis/ciment/v2/stow/noarch/irods_2.5/irods_completion.bash: line 69: complete: command not found
/applis/ciment/v2/stow/noarch/irods_2.5/irods_completion.bash: line 69: complete: command not found
/applis/ciment/v2/stow/noarch/irods_2.5/irods_completion.bash: line 69: complete: command not found
/applis/ciment/v2/stow/noarch/irods_2.5/irods_completion.bash: line 69: complete: command not found
/applis/ciment/v2/stow/noarch/irods_2.5/irods_completion.bash: line 69: complete: command not found
/applis/ciment/v2/stow/noarch/irods_2.5/irods_completion.bash: line 69: complete: command not found
/applis/ciment/v2/stow/noarch/irods_2.5/irods_completion.bash: line 69: complete: command not found
/applis/ciment/v2/stow/noarch/irods_2.5/irods_completion.bash: line 69: complete: command not found
GC Warning: pthread_getattr_np or pthread_attr_getstack failed for main thread
GC Warning: pthread_getattr_np or pthread_attr_getstack failed for main thread
GC Warning: pthread_getattr_np or pthread_attr_getstack failed for main thread
GC Warning: pthread_getattr_np or pthread_attr_getstack failed for main thread
GC Warning: pthread_getattr_np or pthread_attr_getstack failed for main thread
GC Warning: pthread_getattr_np or pthread_attr_getstack failed for main thread
GC Warning: pthread_getattr_np or pthread_attr_getstack failed for main thread
GC Warning: pthread_getattr_np or pthread_attr_getstack failed for main thread
GC Warning: pthread_getattr_np or pthread_attr_getstack failed for main thread
GC Warning: pthread_getattr_np or pthread_attr_getstack failed for main thread
GC Warning: pthread_getattr_np or pthread_attr_getstack failed for main thread
GC Warning: pthread_getattr_np or pthread_attr_getstack failed for main thread
GC Warning: pthread_getattr_np or pthread_attr_getstack failed for main thread
GC Warning: pthread_getattr_np or pthread_attr_getstack failed for main thread
GC Warning: pthread_getattr_np or pthread_attr_getstack failed for main thread
GC Warning: pthread_getattr_np or pthread_attr_getstack failed for main thread
/bin/sh: error importing function definition for `BASH_FUNC_module%%'
/bin/sh: error importing function definition for `BASH_FUNC_module%%'
/bin/sh: error importing function definition for `BASH_FUNC_module%%'
/bin/sh: error importing function definition for `BASH_FUNC_module%%'
/bin/sh: error importing function definition for `BASH_FUNC_module%%'
/bin/sh: error importing function definition for `BASH_FUNC_module%%'
/bin/sh: error importing function definition for `BASH_FUNC_module%%'
/bin/sh: error importing function definition for `BASH_FUNC_module%%'
/bin/sh: error importing function definition for `BASH_FUNC_module%%'
/bin/sh: error importing function definition for `BASH_FUNC_module%%'
/bin/sh: error importing function definition for `BASH_FUNC_module%%'
/bin/sh: error importing function definition for `BASH_FUNC_module%%'
/bin/sh: error importing function definition for `BASH_FUNC_module%%'
/bin/sh: error importing function definition for `BASH_FUNC_module%%'
/bin/sh: error importing function definition for `BASH_FUNC_module%%'
/bin/sh: error importing function definition for `BASH_FUNC_module%%'
/bin/sh: error importing function definition for `BASH_FUNC_module%%'
/bin/sh: error importing function definition for `BASH_FUNC_module%%'
/bin/sh: error importing function definition for `BASH_FUNC_module%%'
/bin/sh: error importing function definition for `BASH_FUNC_module%%'
/bin/sh: error importing function definition for `BASH_FUNC_module%%'
/bin/sh: error importing function definition for `BASH_FUNC_module%%'
/bin/sh: error importing function definition for `BASH_FUNC_module%%'
/bin/sh: error importing function definition for `BASH_FUNC_module%%'
/bin/sh: error importing function definition for `BASH_FUNC_module%%'
/bin/sh: error importing function definition for `BASH_FUNC_module%%'
/bin/sh: error importing function definition for `BASH_FUNC_module%%'
/bin/sh: error importing function definition for `BASH_FUNC_module%%'
/bin/sh: error importing function definition for `BASH_FUNC_module%%'
/bin/sh: error importing function definition for `BASH_FUNC_module%%'
/bin/sh: error importing function definition for `BASH_FUNC_module%%'
/bin/sh: error importing function definition for `BASH_FUNC_module%%'
Running script /home/robertcaulk/hackathon2018/weak_scalability/PREHACK/testMPI_weakScalability.py
Running script /home/robertcaulk/hackathon2018/weak_scalability/PREHACK/testMPI_weakScalability.py
Running script /home/robertcaulk/hackathon2018/weak_scalability/PREHACK/testMPI_weakScalability.py
Running script /home/robertcaulk/hackathon2018/weak_scalability/PREHACK/testMPI_weakScalability.py
libibverbs: Warning: getrlimit(RLIMIT_MEMLOCK) failed.libibverbs: Warning: getrlimit(RLIMIT_MEMLOCK) failed.libibverbs: Warning: getrlimit(RLIMIT_MEMLOCK) failed.libibverbs: Warning: getrlimit(RLIMIT_MEMLOCK) failed.Running script /home/robertcaulk/hackathon2018/weak_scalability/PREHACK/testMPI_weakScalability.py
libibverbs: Warning: getrlimit(RLIMIT_MEMLOCK) failed.Running script /home/robertcaulk/hackathon2018/weak_scalability/PREHACK/testMPI_weakScalability.py
libibverbs: Warning: getrlimit(RLIMIT_MEMLOCK) failed.Running script /home/robertcaulk/hackathon2018/weak_scalability/PREHACK/testMPI_weakScalability.py
libibverbs: Warning: getrlimit(RLIMIT_MEMLOCK) failed.Running script /home/robertcaulk/hackathon2018/weak_scalability/PREHACK/testMPI_weakScalability.py
libibverbs: Warning: getrlimit(RLIMIT_MEMLOCK) failed.Running script /home/robertcaulk/hackathon2018/weak_scalability/PREHACK/testMPI_weakScalability.py
libibverbs: Warning: getrlimit(RLIMIT_MEMLOCK) failed.Running script /home/robertcaulk/hackathon2018/weak_scalability/PREHACK/testMPI_weakScalability.py
libibverbs: Warning: getrlimit(RLIMIT_MEMLOCK) failed.Running script /home/robertcaulk/hackathon2018/weak_scalability/PREHACK/testMPI_weakScalability.py
libibverbs: Warning: getrlimit(RLIMIT_MEMLOCK) failed.Running script /home/robertcaulk/hackathon2018/weak_scalability/PREHACK/testMPI_weakScalability.py
Running script /home/robertcaulk/hackathon2018/weak_scalability/PREHACK/testMPI_weakScalability.py
Running script /home/robertcaulk/hackathon2018/weak_scalability/PREHACK/testMPI_weakScalability.py
Running script /home/robertcaulk/hackathon2018/weak_scalability/PREHACK/testMPI_weakScalability.py
libibverbs: Warning: getrlimit(RLIMIT_MEMLOCK) failed.libibverbs: Warning: getrlimit(RLIMIT_MEMLOCK) failed.libibverbs: Warning: getrlimit(RLIMIT_MEMLOCK) failed.Running script /home/robertcaulk/hackathon2018/weak_scalability/PREHACK/testMPI_weakScalability.py
libibverbs: Warning: getrlimit(RLIMIT_MEMLOCK) failed.Running script /home/robertcaulk/hackathon2018/weak_scalability/PREHACK/testMPI_weakScalability.py
Running script /home/robertcaulk/hackathon2018/weak_scalability/PREHACK/testMPI_weakScalability.py
libibverbs: Warning: getrlimit(RLIMIT_MEMLOCK) failed.libibverbs: Warning: getrlimit(RLIMIT_MEMLOCK) failed.Running script /home/robertcaulk/hackathon2018/weak_scalability/PREHACK/testMPI_weakScalability.py
Running script /home/robertcaulk/hackathon2018/weak_scalability/PREHACK/testMPI_weakScalability.py
libibverbs: Warning: getrlimit(RLIMIT_MEMLOCK) failed.libibverbs: Warning: getrlimit(RLIMIT_MEMLOCK) failed.Running script /home/robertcaulk/hackathon2018/weak_scalability/PREHACK/testMPI_weakScalability.py
libibverbs: Warning: getrlimit(RLIMIT_MEMLOCK) failed.Running script /home/robertcaulk/hackathon2018/weak_scalability/PREHACK/testMPI_weakScalability.py
libibverbs: Warning: getrlimit(RLIMIT_MEMLOCK) failed.Running script /home/robertcaulk/hackathon2018/weak_scalability/PREHACK/testMPI_weakScalability.py
libibverbs: Warning: getrlimit(RLIMIT_MEMLOCK) failed.Running script /home/robertcaulk/hackathon2018/weak_scalability/PREHACK/testMPI_weakScalability.py
libibverbs: Warning: getrlimit(RLIMIT_MEMLOCK) failed.Running script /home/robertcaulk/hackathon2018/weak_scalability/PREHACK/testMPI_weakScalability.py
libibverbs: Warning: getrlimit(RLIMIT_MEMLOCK) failed.Running script /home/robertcaulk/hackathon2018/weak_scalability/PREHACK/testMPI_weakScalability.py
libibverbs: Warning: getrlimit(RLIMIT_MEMLOCK) failed.Running script /home/robertcaulk/hackathon2018/weak_scalability/PREHACK/testMPI_weakScalability.py
libibverbs: Warning: getrlimit(RLIMIT_MEMLOCK) failed.Running script /home/robertcaulk/hackathon2018/weak_scalability/PREHACK/testMPI_weakScalability.py
libibverbs: Warning: getrlimit(RLIMIT_MEMLOCK) failed.Running script /home/robertcaulk/hackathon2018/weak_scalability/PREHACK/testMPI_weakScalability.py
libibverbs: Warning: getrlimit(RLIMIT_MEMLOCK) failed.Running script /home/robertcaulk/hackathon2018/weak_scalability/PREHACK/testMPI_weakScalability.py
libibverbs: Warning: getrlimit(RLIMIT_MEMLOCK) failed.Running script /home/robertcaulk/hackathon2018/weak_scalability/PREHACK/testMPI_weakScalability.py
libibverbs: Warning: getrlimit(RLIMIT_MEMLOCK) failed.Running script /home/robertcaulk/hackathon2018/weak_scalability/PREHACK/testMPI_weakScalability.py
Running script /home/robertcaulk/hackathon2018/weak_scalability/PREHACK/testMPI_weakScalability.py
Running script /home/robertcaulk/hackathon2018/weak_scalability/PREHACK/testMPI_weakScalability.py
libibverbs: Warning: getrlimit(RLIMIT_MEMLOCK) failed.libibverbs: Warning: getrlimit(RLIMIT_MEMLOCK) failed.libibverbs: Warning: getrlimit(RLIMIT_MEMLOCK) failed.Running script /home/robertcaulk/hackathon2018/weak_scalability/PREHACK/testMPI_weakScalability.py
Running script /home/robertcaulk/hackathon2018/weak_scalability/PREHACK/testMPI_weakScalability.py
Running script /home/robertcaulk/hackathon2018/weak_scalability/PREHACK/testMPI_weakScalability.py
libibverbs: Warning: getrlimit(RLIMIT_MEMLOCK) failed.Running script /home/robertcaulk/hackathon2018/weak_scalability/PREHACK/testMPI_weakScalability.py
Running script /home/robertcaulk/hackathon2018/weak_scalability/PREHACK/testMPI_weakScalability.py
Running script /home/robertcaulk/hackathon2018/weak_scalability/PREHACK/testMPI_weakScalability.py
Running script /home/robertcaulk/hackathon2018/weak_scalability/PREHACK/testMPI_weakScalability.py
Running script /home/robertcaulk/hackathon2018/weak_scalability/PREHACK/testMPI_weakScalability.py
libibverbs: Warning: getrlimit(RLIMIT_MEMLOCK) failed.libibverbs: Warning: getrlimit(RLIMIT_MEMLOCK) failed.libibverbs: Warning: getrlimit(RLIMIT_MEMLOCK) failed.Running script /home/robertcaulk/hackathon2018/weak_scalability/PREHACK/testMPI_weakScalability.py
libibverbs: Warning: getrlimit(RLIMIT_MEMLOCK) failed.libibverbs: Warning: getrlimit(RLIMIT_MEMLOCK) failed.libibverbs: Warning: getrlimit(RLIMIT_MEMLOCK) failed.Running script /home/robertcaulk/hackathon2018/weak_scalability/PREHACK/testMPI_weakScalability.py
libibverbs: Warning: getrlimit(RLIMIT_MEMLOCK) failed.Running script /home/robertcaulk/hackathon2018/weak_scalability/PREHACK/testMPI_weakScalability.py
libibverbs: Warning: getrlimit(RLIMIT_MEMLOCK) failed.Running script /home/robertcaulk/hackathon2018/weak_scalability/PREHACK/testMPI_weakScalability.py
libibverbs: Warning: getrlimit(RLIMIT_MEMLOCK) failed.libibverbs: Warning: getrlimit(RLIMIT_MEMLOCK) failed.libibverbs: Warning: getrlimit(RLIMIT_MEMLOCK) failed.Running script /home/robertcaulk/hackathon2018/weak_scalability/PREHACK/testMPI_weakScalability.py
Running script /home/robertcaulk/hackathon2018/weak_scalability/PREHACK/testMPI_weakScalability.py
libibverbs: Warning: getrlimit(RLIMIT_MEMLOCK) failed.Running script /home/robertcaulk/hackathon2018/weak_scalability/PREHACK/testMPI_weakScalability.py
Running script /home/robertcaulk/hackathon2018/weak_scalability/PREHACK/testMPI_weakScalability.py
libibverbs: Warning: getrlimit(RLIMIT_MEMLOCK) failed.libibverbs: Warning: getrlimit(RLIMIT_MEMLOCK) failed.libibverbs: Warning: getrlimit(RLIMIT_MEMLOCK) failed.Running script /home/robertcaulk/hackathon2018/weak_scalability/PREHACK/testMPI_weakScalability.py
libibverbs: Warning: getrlimit(RLIMIT_MEMLOCK) failed.Running script /home/robertcaulk/hackathon2018/weak_scalability/PREHACK/testMPI_weakScalability.py
Running script /home/robertcaulk/hackathon2018/weak_scalability/PREHACK/testMPI_weakScalability.py
libibverbs: Warning: getrlimit(RLIMIT_MEMLOCK) failed.libibverbs: Warning: getrlimit(RLIMIT_MEMLOCK) failed.Running script /home/robertcaulk/hackathon2018/weak_scalability/PREHACK/testMPI_weakScalability.py
libibverbs: Warning: getrlimit(RLIMIT_MEMLOCK) failed.Running script /home/robertcaulk/hackathon2018/weak_scalability/PREHACK/testMPI_weakScalability.py
libibverbs: Warning: getrlimit(RLIMIT_MEMLOCK) failed.Running script /home/robertcaulk/hackathon2018/weak_scalability/PREHACK/testMPI_weakScalability.py
libibverbs: Warning: getrlimit(RLIMIT_MEMLOCK) failed.Running script /home/robertcaulk/hackathon2018/weak_scalability/PREHACK/testMPI_weakScalability.py
libibverbs: Warning: getrlimit(RLIMIT_MEMLOCK) failed.Running script /home/robertcaulk/hackathon2018/weak_scalability/PREHACK/testMPI_weakScalability.py
Running script /home/robertcaulk/hackathon2018/weak_scalability/PREHACK/testMPI_weakScalability.py
libibverbs: Warning: getrlimit(RLIMIT_MEMLOCK) failed.libibverbs: Warning: getrlimit(RLIMIT_MEMLOCK) failed.Running script /home/robertcaulk/hackathon2018/weak_scalability/PREHACK/testMPI_weakScalability.py
libibverbs: Warning: getrlimit(RLIMIT_MEMLOCK) failed.Running script /home/robertcaulk/hackathon2018/weak_scalability/PREHACK/testMPI_weakScalability.py
libibverbs: Warning: getrlimit(RLIMIT_MEMLOCK) failed.Running script /home/robertcaulk/hackathon2018/weak_scalability/PREHACK/testMPI_weakScalability.py
libibverbs: Warning: getrlimit(RLIMIT_MEMLOCK) failed.Running script /home/robertcaulk/hackathon2018/weak_scalability/PREHACK/testMPI_weakScalability.py
libibverbs: Warning: getrlimit(RLIMIT_MEMLOCK) failed.Running script /home/robertcaulk/hackathon2018/weak_scalability/PREHACK/testMPI_weakScalability.py
Running script /home/robertcaulk/hackathon2018/weak_scalability/PREHACK/testMPI_weakScalability.py
libibverbs: Warning: getrlimit(RLIMIT_MEMLOCK) failed.libibverbs: Warning: getrlimit(RLIMIT_MEMLOCK) failed.Running script /home/robertcaulk/hackathon2018/weak_scalability/PREHACK/testMPI_weakScalability.py
libibverbs: Warning: getrlimit(RLIMIT_MEMLOCK) failed.Running script /home/robertcaulk/hackathon2018/weak_scalability/PREHACK/testMPI_weakScalability.py
Running script /home/robertcaulk/hackathon2018/weak_scalability/PREHACK/testMPI_weakScalability.py
libibverbs: Warning: getrlimit(RLIMIT_MEMLOCK) failed.libibverbs: Warning: getrlimit(RLIMIT_MEMLOCK) failed.Running script /home/robertcaulk/hackathon2018/weak_scalability/PREHACK/testMPI_weakScalability.py
libibverbs: Warning: getrlimit(RLIMIT_MEMLOCK) failed.Running script /home/robertcaulk/hackathon2018/weak_scalability/PREHACK/testMPI_weakScalability.py
Running script /home/robertcaulk/hackathon2018/weak_scalability/PREHACK/testMPI_weakScalability.py
libibverbs: Warning: getrlimit(RLIMIT_MEMLOCK) failed.libibverbs: Warning: getrlimit(RLIMIT_MEMLOCK) failed.Running script /home/robertcaulk/hackathon2018/weak_scalability/PREHACK/testMPI_weakScalability.py
libibverbs: Warning: getrlimit(RLIMIT_MEMLOCK) failed.Running script /home/robertcaulk/hackathon2018/weak_scalability/PREHACK/testMPI_weakScalability.py
Running script /home/robertcaulk/hackathon2018/weak_scalability/PREHACK/testMPI_weakScalability.py
libibverbs: Warning: getrlimit(RLIMIT_MEMLOCK) failed.libibverbs: Warning: getrlimit(RLIMIT_MEMLOCK) failed.Running script /home/robertcaulk/hackathon2018/weak_scalability/PREHACK/testMPI_weakScalability.py
libibverbs: Warning: getrlimit(RLIMIT_MEMLOCK) failed.Running script /home/robertcaulk/hackathon2018/weak_scalability/PREHACK/testMPI_weakScalability.py
libibverbs: Warning: getrlimit(RLIMIT_MEMLOCK) failed.Running script /home/robertcaulk/hackathon2018/weak_scalability/PREHACK/testMPI_weakScalability.py
libibverbs: Warning: getrlimit(RLIMIT_MEMLOCK) failed.Running script /home/robertcaulk/hackathon2018/weak_scalability/PREHACK/testMPI_weakScalability.py
libibverbs: Warning: getrlimit(RLIMIT_MEMLOCK) failed.Running script /home/robertcaulk/hackathon2018/weak_scalability/PREHACK/testMPI_weakScalability.py
libibverbs: Warning: getrlimit(RLIMIT_MEMLOCK) failed.Running script /home/robertcaulk/hackathon2018/weak_scalability/PREHACK/testMPI_weakScalability.py
Running script /home/robertcaulk/hackathon2018/weak_scalability/PREHACK/testMPI_weakScalability.py
libibverbs: Warning: getrlimit(RLIMIT_MEMLOCK) failed.libibverbs: Warning: getrlimit(RLIMIT_MEMLOCK) failed.Running script /home/robertcaulk/hackathon2018/weak_scalability/PREHACK/testMPI_weakScalability.py
libibverbs: Warning: getrlimit(RLIMIT_MEMLOCK) failed.Running script /home/robertcaulk/hackathon2018/weak_scalability/PREHACK/testMPI_weakScalability.py
libibverbs: Warning: getrlimit(RLIMIT_MEMLOCK) failed.Running script /home/robertcaulk/hackathon2018/weak_scalability/PREHACK/testMPI_weakScalability.py
libibverbs: Warning: getrlimit(RLIMIT_MEMLOCK) failed.Running script /home/robertcaulk/hackathon2018/weak_scalability/PREHACK/testMPI_weakScalability.py
libibverbs: Warning: getrlimit(RLIMIT_MEMLOCK) failed.Running script /home/robertcaulk/hackathon2018/weak_scalability/PREHACK/testMPI_weakScalability.py
libibverbs: Warning: getrlimit(RLIMIT_MEMLOCK) failed.Running script /home/robertcaulk/hackathon2018/weak_scalability/PREHACK/testMPI_weakScalability.py
libibverbs: Warning: getrlimit(RLIMIT_MEMLOCK) failed.Running script /home/robertcaulk/hackathon2018/weak_scalability/PREHACK/testMPI_weakScalability.py
libibverbs: Warning: getrlimit(RLIMIT_MEMLOCK) failed.Running script /home/robertcaulk/hackathon2018/weak_scalability/PREHACK/testMPI_weakScalability.py
libibverbs: Warning: getrlimit(RLIMIT_MEMLOCK) failed.Running script /home/robertcaulk/hackathon2018/weak_scalability/PREHACK/testMPI_weakScalability.py
libibverbs: Warning: getrlimit(RLIMIT_MEMLOCK) failed.Running script /home/robertcaulk/hackathon2018/weak_scalability/PREHACK/testMPI_weakScalability.py
libibverbs: Warning: getrlimit(RLIMIT_MEMLOCK) failed.Running script /home/robertcaulk/hackathon2018/weak_scalability/PREHACK/testMPI_weakScalability.py
Running script /home/robertcaulk/hackathon2018/weak_scalability/PREHACK/testMPI_weakScalability.py
libibverbs: Warning: getrlimit(RLIMIT_MEMLOCK) failed.libibverbs: Warning: getrlimit(RLIMIT_MEMLOCK) failed.Running script /home/robertcaulk/hackathon2018/weak_scalability/PREHACK/testMPI_weakScalability.py
libibverbs: Warning: getrlimit(RLIMIT_MEMLOCK) failed.Running script /home/robertcaulk/hackathon2018/weak_scalability/PREHACK/testMPI_weakScalability.py
libibverbs: Warning: getrlimit(RLIMIT_MEMLOCK) failed.Running script /home/robertcaulk/hackathon2018/weak_scalability/PREHACK/testMPI_weakScalability.py
libibverbs: Warning: getrlimit(RLIMIT_MEMLOCK) failed.Running script /home/robertcaulk/hackathon2018/weak_scalability/PREHACK/testMPI_weakScalability.py
libibverbs: Warning: getrlimit(RLIMIT_MEMLOCK) failed.Running script /home/robertcaulk/hackathon2018/weak_scalability/PREHACK/testMPI_weakScalability.py
libibverbs: Warning: getrlimit(RLIMIT_MEMLOCK) failed.Running script /home/robertcaulk/hackathon2018/weak_scalability/PREHACK/testMPI_weakScalability.py
libibverbs: Warning: getrlimit(RLIMIT_MEMLOCK) failed.Running script /home/robertcaulk/hackathon2018/weak_scalability/PREHACK/testMPI_weakScalability.py
libibverbs: Warning: getrlimit(RLIMIT_MEMLOCK) failed.Running script /home/robertcaulk/hackathon2018/weak_scalability/PREHACK/testMPI_weakScalability.py
libibverbs: Warning: getrlimit(RLIMIT_MEMLOCK) failed.Running script /home/robertcaulk/hackathon2018/weak_scalability/PREHACK/testMPI_weakScalability.py
libibverbs: Warning: getrlimit(RLIMIT_MEMLOCK) failed.Running script /home/robertcaulk/hackathon2018/weak_scalability/PREHACK/testMPI_weakScalability.py
libibverbs: Warning: getrlimit(RLIMIT_MEMLOCK) failed.Running script /home/robertcaulk/hackathon2018/weak_scalability/PREHACK/testMPI_weakScalability.py
Running script /home/robertcaulk/hackathon2018/weak_scalability/PREHACK/testMPI_weakScalability.py
libibverbs: Warning: getrlimit(RLIMIT_MEMLOCK) failed.libibverbs: Warning: getrlimit(RLIMIT_MEMLOCK) failed.Running script /home/robertcaulk/hackathon2018/weak_scalability/PREHACK/testMPI_weakScalability.py
libibverbs: Warning: getrlimit(RLIMIT_MEMLOCK) failed.Running script /home/robertcaulk/hackathon2018/weak_scalability/PREHACK/testMPI_weakScalability.py
libibverbs: Warning: getrlimit(RLIMIT_MEMLOCK) failed.Running script /home/robertcaulk/hackathon2018/weak_scalability/PREHACK/testMPI_weakScalability.py
Running script /home/robertcaulk/hackathon2018/weak_scalability/PREHACK/testMPI_weakScalability.py
libibverbs: Warning: getrlimit(RLIMIT_MEMLOCK) failed.libibverbs: Warning: getrlimit(RLIMIT_MEMLOCK) failed.Running script /home/robertcaulk/hackathon2018/weak_scalability/PREHACK/testMPI_weakScalability.py
libibverbs: Warning: getrlimit(RLIMIT_MEMLOCK) failed.Running script /home/robertcaulk/hackathon2018/weak_scalability/PREHACK/testMPI_weakScalability.py
libibverbs: Warning: getrlimit(RLIMIT_MEMLOCK) failed.Running script /home/robertcaulk/hackathon2018/weak_scalability/PREHACK/testMPI_weakScalability.py
libibverbs: Warning: getrlimit(RLIMIT_MEMLOCK) failed.Running script /home/robertcaulk/hackathon2018/weak_scalability/PREHACK/testMPI_weakScalability.py
libibverbs: Warning: getrlimit(RLIMIT_MEMLOCK) failed.Running script /home/robertcaulk/hackathon2018/weak_scalability/PREHACK/testMPI_weakScalability.py
libibverbs: Warning: getrlimit(RLIMIT_MEMLOCK) failed.Running script /home/robertcaulk/hackathon2018/weak_scalability/PREHACK/testMPI_weakScalability.py
libibverbs: Warning: getrlimit(RLIMIT_MEMLOCK) failed.Running script /home/robertcaulk/hackathon2018/weak_scalability/PREHACK/testMPI_weakScalability.py
libibverbs: Warning: getrlimit(RLIMIT_MEMLOCK) failed.Running script /home/robertcaulk/hackathon2018/weak_scalability/PREHACK/testMPI_weakScalability.py
libibverbs: Warning: getrlimit(RLIMIT_MEMLOCK) failed.Running script /home/robertcaulk/hackathon2018/weak_scalability/PREHACK/testMPI_weakScalability.py
libibverbs: Warning: getrlimit(RLIMIT_MEMLOCK) failed.Running script /home/robertcaulk/hackathon2018/weak_scalability/PREHACK/testMPI_weakScalability.py
libibverbs: Warning: getrlimit(RLIMIT_MEMLOCK) failed.Running script /home/robertcaulk/hackathon2018/weak_scalability/PREHACK/testMPI_weakScalability.py
libibverbs: Warning: getrlimit(RLIMIT_MEMLOCK) failed.Running script /home/robertcaulk/hackathon2018/weak_scalability/PREHACK/testMPI_weakScalability.py
libibverbs: Warning: getrlimit(RLIMIT_MEMLOCK) failed.Running script /home/robertcaulk/hackathon2018/weak_scalability/PREHACK/testMPI_weakScalability.py
libibverbs: Warning: getrlimit(RLIMIT_MEMLOCK) failed.Running script /home/robertcaulk/hackathon2018/weak_scalability/PREHACK/testMPI_weakScalability.py
libibverbs: Warning: getrlimit(RLIMIT_MEMLOCK) failed.Running script /home/robertcaulk/hackathon2018/weak_scalability/PREHACK/testMPI_weakScalability.py
libibverbs: Warning: getrlimit(RLIMIT_MEMLOCK) failed.Running script /home/robertcaulk/hackathon2018/weak_scalability/PREHACK/testMPI_weakScalability.py
libibverbs: Warning: getrlimit(RLIMIT_MEMLOCK) failed.Running script /home/robertcaulk/hackathon2018/weak_scalability/PREHACK/testMPI_weakScalability.py
libibverbs: Warning: getrlimit(RLIMIT_MEMLOCK) failed.Running script /home/robertcaulk/hackathon2018/weak_scalability/PREHACK/testMPI_weakScalability.py
libibverbs: Warning: getrlimit(RLIMIT_MEMLOCK) failed.Running script /home/robertcaulk/hackathon2018/weak_scalability/PREHACK/testMPI_weakScalability.py
libibverbs: Warning: getrlimit(RLIMIT_MEMLOCK) failed.libibverbs: Warning: getrlimit(RLIMIT_MEMLOCK) failed.Traceback (most recent call last):
  File "/nix/store/2zyax47xgnj0sa4k2vwa287qh8599ssq-yadedaily-mpi/bin/.yadempi-daily-wrapped", line 245, in runScript
    execfile(script,globals())
  File "/home/robertcaulk/hackathon2018/weak_scalability/PREHACK/testMPI_weakScalability.py", line 115, in <module>
    mp.mpirun(NSTEPS,merge)
  File "/nix/store/2zyax47xgnj0sa4k2vwa287qh8599ssq-yadedaily-mpi//nix/store/2zyax47xgnj0sa4k2vwa287qh8599ssq-yadedaily-mpi/lib/yadempi-daily/py/yade/mpy.py", line 553, in mpirun
    if not O.splitted: splitScene()
  File "/nix/store/2zyax47xgnj0sa4k2vwa287qh8599ssq-yadedaily-mpi//nix/store/2zyax47xgnj0sa4k2vwa287qh8599ssq-yadedaily-mpi/lib/yadempi-daily/py/yade/mpy.py", line 434, in splitScene
    comm.send(sceneAsString, dest=worker, tag=_SCENE_) #sent with scene.subdomain=1, better make subdomain index a passed value so we could pass the sae string to every worker (less serialization+deserialization)
  File "mpi4py/MPI/Comm.pyx", line 1156, in mpi4py.MPI.Comm.send
  File "mpi4py/MPI/msgpickle.pxi", line 174, in mpi4py.MPI.PyMPI_send
  File "mpi4py/MPI/msgpickle.pxi", line 104, in mpi4py.MPI.Pickle.dump
  File "mpi4py/MPI/msgpickle.pxi", line 91, in mpi4py.MPI.Pickle.cdumps
OverflowError: cannot serialize a string larger than 2 GiB
