libibverbs: Warning: getrlimit(RLIMIT_MEMLOCK) failed.[frog26:27788] Warning: could not find environment variable "LD_LIBRARY_PATH"
GC Warning: pthread_getattr_np or pthread_attr_getstack failed for main thread
GC Warning: pthread_getattr_np or pthread_attr_getstack failed for main thread
GC Warning: pthread_getattr_np or pthread_attr_getstack failed for main thread
GC Warning: pthread_getattr_np or pthread_attr_getstack failed for main thread
GC Warning: pthread_getattr_np or pthread_attr_getstack failed for main thread
GC Warning: pthread_getattr_np or pthread_attr_getstack failed for main thread
GC Warning: pthread_getattr_np or pthread_attr_getstack failed for main thread
GC Warning: pthread_getattr_np or pthread_attr_getstack failed for main thread
GC Warning: pthread_getattr_np or pthread_attr_getstack failed for main thread
GC Warning: pthread_getattr_np or pthread_attr_getstack failed for main thread
libibverbs: Warning: getrlimit(RLIMIT_MEMLOCK) failed.GC Warning: pthread_getattr_np or pthread_attr_getstack failed for main thread
GC Warning: pthread_getattr_np or pthread_attr_getstack failed for main thread
GC Warning: pthread_getattr_np or pthread_attr_getstack failed for main thread
GC Warning: pthread_getattr_np or pthread_attr_getstack failed for main thread
libibverbs: Warning: getrlimit(RLIMIT_MEMLOCK) failed.GC Warning: pthread_getattr_np or pthread_attr_getstack failed for main thread
libibverbs: Warning: getrlimit(RLIMIT_MEMLOCK) failed.libibverbs: Warning: getrlimit(RLIMIT_MEMLOCK) failed.libibverbs: Warning: getrlimit(RLIMIT_MEMLOCK) failed.libibverbs: Warning: getrlimit(RLIMIT_MEMLOCK) failed.libibverbs: Warning: getrlimit(RLIMIT_MEMLOCK) failed.GC Warning: pthread_getattr_np or pthread_attr_getstack failed for main thread
libibverbs: Warning: getrlimit(RLIMIT_MEMLOCK) failed.ls: cannot access /home/robertcaulk/.nix-profile: Stale file handle
/applis/ciment/v2/stow/noarch/irods_2.5/irods_completion.bash: line 69: complete: command not found
/applis/ciment/v2/stow/noarch/irods_2.5/irods_completion.bash: line 69: complete: command not found
/applis/ciment/v2/stow/noarch/irods_2.5/irods_completion.bash: line 69: complete: command not found
/applis/ciment/v2/stow/noarch/irods_2.5/irods_completion.bash: line 69: complete: command not found
/applis/ciment/v2/stow/noarch/irods_2.5/irods_completion.bash: line 69: complete: command not found
/applis/ciment/v2/stow/noarch/irods_2.5/irods_completion.bash: line 69: complete: command not found
/applis/ciment/v2/stow/noarch/irods_2.5/irods_completion.bash: line 69: complete: command not found
/applis/ciment/v2/stow/noarch/irods_2.5/irods_completion.bash: line 69: complete: command not found
/applis/ciment/v2/stow/noarch/irods_2.5/irods_completion.bash: line 69: complete: command not found
/applis/ciment/v2/stow/noarch/irods_2.5/irods_completion.bash: line 69: complete: command not found
/applis/ciment/v2/stow/noarch/irods_2.5/irods_completion.bash: line 69: complete: command not found
/applis/ciment/v2/stow/noarch/irods_2.5/irods_completion.bash: line 69: complete: command not found
/applis/ciment/v2/stow/noarch/irods_2.5/irods_completion.bash: line 69: complete: command not found
/applis/ciment/v2/stow/noarch/irods_2.5/irods_completion.bash: line 69: complete: command not found
/applis/ciment/v2/stow/noarch/irods_2.5/irods_completion.bash: line 69: complete: command not found
/applis/ciment/v2/stow/noarch/irods_2.5/irods_completion.bash: line 69: complete: command not found
GC Warning: pthread_getattr_np or pthread_attr_getstack failed for main thread
GC Warning: pthread_getattr_np or pthread_attr_getstack failed for main thread
GC Warning: pthread_getattr_np or pthread_attr_getstack failed for main thread
GC Warning: pthread_getattr_np or pthread_attr_getstack failed for main thread
GC Warning: pthread_getattr_np or pthread_attr_getstack failed for main thread
GC Warning: pthread_getattr_np or pthread_attr_getstack failed for main thread
GC Warning: pthread_getattr_np or pthread_attr_getstack failed for main thread
GC Warning: pthread_getattr_np or pthread_attr_getstack failed for main thread
GC Warning: pthread_getattr_np or pthread_attr_getstack failed for main thread
GC Warning: pthread_getattr_np or pthread_attr_getstack failed for main thread
GC Warning: pthread_getattr_np or pthread_attr_getstack failed for main thread
GC Warning: pthread_getattr_np or pthread_attr_getstack failed for main thread
GC Warning: pthread_getattr_np or pthread_attr_getstack failed for main thread
GC Warning: pthread_getattr_np or pthread_attr_getstack failed for main thread
GC Warning: pthread_getattr_np or pthread_attr_getstack failed for main thread
GC Warning: pthread_getattr_np or pthread_attr_getstack failed for main thread
Running script /home/robertcaulk/hackathon2018/weak_scalability/PREHACK/testMPI_weakScalability.py
Running script /home/robertcaulk/hackathon2018/weak_scalability/PREHACK/testMPI_weakScalability.py
Running script /home/robertcaulk/hackathon2018/weak_scalability/PREHACK/testMPI_weakScalability.py
libibverbs: Warning: getrlimit(RLIMIT_MEMLOCK) failed.libibverbs: Warning: getrlimit(RLIMIT_MEMLOCK) failed.libibverbs: Warning: getrlimit(RLIMIT_MEMLOCK) failed.Running script /home/robertcaulk/hackathon2018/weak_scalability/PREHACK/testMPI_weakScalability.py
libibverbs: Warning: getrlimit(RLIMIT_MEMLOCK) failed.Running script /home/robertcaulk/hackathon2018/weak_scalability/PREHACK/testMPI_weakScalability.py
libibverbs: Warning: getrlimit(RLIMIT_MEMLOCK) failed.Running script /home/robertcaulk/hackathon2018/weak_scalability/PREHACK/testMPI_weakScalability.py
libibverbs: Warning: getrlimit(RLIMIT_MEMLOCK) failed.Running script /home/robertcaulk/hackathon2018/weak_scalability/PREHACK/testMPI_weakScalability.py
libibverbs: Warning: getrlimit(RLIMIT_MEMLOCK) failed.Running script /home/robertcaulk/hackathon2018/weak_scalability/PREHACK/testMPI_weakScalability.py
libibverbs: Warning: getrlimit(RLIMIT_MEMLOCK) failed./bin/sh: error importing function definition for `BASH_FUNC_module%%'
/bin/sh: error importing function definition for `BASH_FUNC_module%%'
/bin/sh: error importing function definition for `BASH_FUNC_module%%'
/bin/sh: error importing function definition for `BASH_FUNC_module%%'
/bin/sh: error importing function definition for `BASH_FUNC_module%%'
/bin/sh: error importing function definition for `BASH_FUNC_module%%'
/bin/sh: error importing function definition for `BASH_FUNC_module%%'
/bin/sh: error importing function definition for `BASH_FUNC_module%%'
/bin/sh: error importing function definition for `BASH_FUNC_module%%'
/bin/sh: error importing function definition for `BASH_FUNC_module%%'
/bin/sh: error importing function definition for `BASH_FUNC_module%%'
/bin/sh: error importing function definition for `BASH_FUNC_module%%'
/bin/sh: error importing function definition for `BASH_FUNC_module%%'
/bin/sh: error importing function definition for `BASH_FUNC_module%%'
/bin/sh: error importing function definition for `BASH_FUNC_module%%'
/bin/sh: error importing function definition for `BASH_FUNC_module%%'
/bin/sh: error importing function definition for `BASH_FUNC_module%%'
/bin/sh: error importing function definition for `BASH_FUNC_module%%'
/bin/sh: error importing function definition for `BASH_FUNC_module%%'
/bin/sh: error importing function definition for `BASH_FUNC_module%%'
/bin/sh: error importing function definition for `BASH_FUNC_module%%'
/bin/sh: error importing function definition for `BASH_FUNC_module%%'
/bin/sh: error importing function definition for `BASH_FUNC_module%%'
/bin/sh: error importing function definition for `BASH_FUNC_module%%'
/bin/sh: error importing function definition for `BASH_FUNC_module%%'
/bin/sh: error importing function definition for `BASH_FUNC_module%%'
/bin/sh: error importing function definition for `BASH_FUNC_module%%'
/bin/sh: error importing function definition for `BASH_FUNC_module%%'
/bin/sh: error importing function definition for `BASH_FUNC_module%%'
/bin/sh: error importing function definition for `BASH_FUNC_module%%'
/bin/sh: error importing function definition for `BASH_FUNC_module%%'
/bin/sh: error importing function definition for `BASH_FUNC_module%%'
Running script /home/robertcaulk/hackathon2018/weak_scalability/PREHACK/testMPI_weakScalability.py
Running script /home/robertcaulk/hackathon2018/weak_scalability/PREHACK/testMPI_weakScalability.py
Running script /home/robertcaulk/hackathon2018/weak_scalability/PREHACK/testMPI_weakScalability.py
libibverbs: Warning: getrlimit(RLIMIT_MEMLOCK) failed.libibverbs: Warning: getrlimit(RLIMIT_MEMLOCK) failed.libibverbs: Warning: getrlimit(RLIMIT_MEMLOCK) failed.Running script /home/robertcaulk/hackathon2018/weak_scalability/PREHACK/testMPI_weakScalability.py
Running script /home/robertcaulk/hackathon2018/weak_scalability/PREHACK/testMPI_weakScalability.py
Running script /home/robertcaulk/hackathon2018/weak_scalability/PREHACK/testMPI_weakScalability.py
libibverbs: Warning: getrlimit(RLIMIT_MEMLOCK) failed.libibverbs: Warning: getrlimit(RLIMIT_MEMLOCK) failed.libibverbs: Warning: getrlimit(RLIMIT_MEMLOCK) failed.Running script /home/robertcaulk/hackathon2018/weak_scalability/PREHACK/testMPI_weakScalability.py
Running script /home/robertcaulk/hackathon2018/weak_scalability/PREHACK/testMPI_weakScalability.py
libibverbs: Warning: getrlimit(RLIMIT_MEMLOCK) failed.libibverbs: Warning: getrlimit(RLIMIT_MEMLOCK) failed.Running script /home/robertcaulk/hackathon2018/weak_scalability/PREHACK/testMPI_weakScalability.py
Running script /home/robertcaulk/hackathon2018/weak_scalability/PREHACK/testMPI_weakScalability.py
Running script /home/robertcaulk/hackathon2018/weak_scalability/PREHACK/testMPI_weakScalability.py
libibverbs: Warning: getrlimit(RLIMIT_MEMLOCK) failed.libibverbs: Warning: getrlimit(RLIMIT_MEMLOCK) failed.libibverbs: Warning: getrlimit(RLIMIT_MEMLOCK) failed.Running script /home/robertcaulk/hackathon2018/weak_scalability/PREHACK/testMPI_weakScalability.py
Running script /home/robertcaulk/hackathon2018/weak_scalability/PREHACK/testMPI_weakScalability.py
libibverbs: Warning: getrlimit(RLIMIT_MEMLOCK) failed.Running script /home/robertcaulk/hackathon2018/weak_scalability/PREHACK/testMPI_weakScalability.py
Running script /home/robertcaulk/hackathon2018/weak_scalability/PREHACK/testMPI_weakScalability.py
libibverbs: Warning: getrlimit(RLIMIT_MEMLOCK) failed.libibverbs: Warning: getrlimit(RLIMIT_MEMLOCK) failed.libibverbs: Warning: getrlimit(RLIMIT_MEMLOCK) failed.Running script /home/robertcaulk/hackathon2018/weak_scalability/PREHACK/testMPI_weakScalability.py
Running script /home/robertcaulk/hackathon2018/weak_scalability/PREHACK/testMPI_weakScalability.py
libibverbs: Warning: getrlimit(RLIMIT_MEMLOCK) failed.Running script /home/robertcaulk/hackathon2018/weak_scalability/PREHACK/testMPI_weakScalability.py
Running script /home/robertcaulk/hackathon2018/weak_scalability/PREHACK/testMPI_weakScalability.py
libibverbs: Warning: getrlimit(RLIMIT_MEMLOCK) failed.libibverbs: Warning: getrlimit(RLIMIT_MEMLOCK) failed.Running script /home/robertcaulk/hackathon2018/weak_scalability/PREHACK/testMPI_weakScalability.py
libibverbs: Warning: getrlimit(RLIMIT_MEMLOCK) failed.Running script /home/robertcaulk/hackathon2018/weak_scalability/PREHACK/testMPI_weakScalability.py
libibverbs: Warning: getrlimit(RLIMIT_MEMLOCK) failed.libibverbs: Warning: getrlimit(RLIMIT_MEMLOCK) failed.Running script /home/robertcaulk/hackathon2018/weak_scalability/PREHACK/testMPI_weakScalability.py
Running script /home/robertcaulk/hackathon2018/weak_scalability/PREHACK/testMPI_weakScalability.py
Running script /home/robertcaulk/hackathon2018/weak_scalability/PREHACK/testMPI_weakScalability.py
libibverbs: Warning: getrlimit(RLIMIT_MEMLOCK) failed.libibverbs: Warning: getrlimit(RLIMIT_MEMLOCK) failed.libibverbs: Warning: getrlimit(RLIMIT_MEMLOCK) failed.Running script /home/robertcaulk/hackathon2018/weak_scalability/PREHACK/testMPI_weakScalability.py
Running script /home/robertcaulk/hackathon2018/weak_scalability/PREHACK/testMPI_weakScalability.py
Running script /home/robertcaulk/hackathon2018/weak_scalability/PREHACK/testMPI_weakScalability.py
libibverbs: Warning: getrlimit(RLIMIT_MEMLOCK) failed.libibverbs: Warning: getrlimit(RLIMIT_MEMLOCK) failed.libibverbs: Warning: getrlimit(RLIMIT_MEMLOCK) failed.Running script /home/robertcaulk/hackathon2018/weak_scalability/PREHACK/testMPI_weakScalability.py
Running script /home/robertcaulk/hackathon2018/weak_scalability/PREHACK/testMPI_weakScalability.py
libibverbs: Warning: getrlimit(RLIMIT_MEMLOCK) failed.Running script /home/robertcaulk/hackathon2018/weak_scalability/PREHACK/testMPI_weakScalability.py
Running script /home/robertcaulk/hackathon2018/weak_scalability/PREHACK/testMPI_weakScalability.py
libibverbs: Warning: getrlimit(RLIMIT_MEMLOCK) failed.Running script /home/robertcaulk/hackathon2018/weak_scalability/PREHACK/testMPI_weakScalability.py
libibverbs: Warning: getrlimit(RLIMIT_MEMLOCK) failed.libibverbs: Warning: getrlimit(RLIMIT_MEMLOCK) failed.libibverbs: Warning: getrlimit(RLIMIT_MEMLOCK) failed.Running script /home/robertcaulk/hackathon2018/weak_scalability/PREHACK/testMPI_weakScalability.py
Running script /home/robertcaulk/hackathon2018/weak_scalability/PREHACK/testMPI_weakScalability.py
libibverbs: Warning: getrlimit(RLIMIT_MEMLOCK) failed.Running script /home/robertcaulk/hackathon2018/weak_scalability/PREHACK/testMPI_weakScalability.py
libibverbs: Warning: getrlimit(RLIMIT_MEMLOCK) failed.Running script /home/robertcaulk/hackathon2018/weak_scalability/PREHACK/testMPI_weakScalability.py
libibverbs: Warning: getrlimit(RLIMIT_MEMLOCK) failed.Running script /home/robertcaulk/hackathon2018/weak_scalability/PREHACK/testMPI_weakScalability.py
libibverbs: Warning: getrlimit(RLIMIT_MEMLOCK) failed.libibverbs: Warning: getrlimit(RLIMIT_MEMLOCK) failed.Running script /home/robertcaulk/hackathon2018/weak_scalability/PREHACK/testMPI_weakScalability.py
libibverbs: Warning: getrlimit(RLIMIT_MEMLOCK) failed.Running script /home/robertcaulk/hackathon2018/weak_scalability/PREHACK/testMPI_weakScalability.py
Running script /home/robertcaulk/hackathon2018/weak_scalability/PREHACK/testMPI_weakScalability.py
libibverbs: Warning: getrlimit(RLIMIT_MEMLOCK) failed.Running script /home/robertcaulk/hackathon2018/weak_scalability/PREHACK/testMPI_weakScalability.py
libibverbs: Warning: getrlimit(RLIMIT_MEMLOCK) failed.Running script /home/robertcaulk/hackathon2018/weak_scalability/PREHACK/testMPI_weakScalability.py
libibverbs: Warning: getrlimit(RLIMIT_MEMLOCK) failed.Running script /home/robertcaulk/hackathon2018/weak_scalability/PREHACK/testMPI_weakScalability.py
Running script /home/robertcaulk/hackathon2018/weak_scalability/PREHACK/testMPI_weakScalability.py
libibverbs: Warning: getrlimit(RLIMIT_MEMLOCK) failed.libibverbs: Warning: getrlimit(RLIMIT_MEMLOCK) failed.libibverbs: Warning: getrlimit(RLIMIT_MEMLOCK) failed.Running script /home/robertcaulk/hackathon2018/weak_scalability/PREHACK/testMPI_weakScalability.py
Running script /home/robertcaulk/hackathon2018/weak_scalability/PREHACK/testMPI_weakScalability.py
libibverbs: Warning: getrlimit(RLIMIT_MEMLOCK) failed.libibverbs: Warning: getrlimit(RLIMIT_MEMLOCK) failed.Running script /home/robertcaulk/hackathon2018/weak_scalability/PREHACK/testMPI_weakScalability.py
libibverbs: Warning: getrlimit(RLIMIT_MEMLOCK) failed.Running script /home/robertcaulk/hackathon2018/weak_scalability/PREHACK/testMPI_weakScalability.py
libibverbs: Warning: getrlimit(RLIMIT_MEMLOCK) failed.Running script /home/robertcaulk/hackathon2018/weak_scalability/PREHACK/testMPI_weakScalability.py
Running script /home/robertcaulk/hackathon2018/weak_scalability/PREHACK/testMPI_weakScalability.py
libibverbs: Warning: getrlimit(RLIMIT_MEMLOCK) failed.libibverbs: Warning: getrlimit(RLIMIT_MEMLOCK) failed.Running script /home/robertcaulk/hackathon2018/weak_scalability/PREHACK/testMPI_weakScalability.py
Running script /home/robertcaulk/hackathon2018/weak_scalability/PREHACK/testMPI_weakScalability.py
libibverbs: Warning: getrlimit(RLIMIT_MEMLOCK) failed.libibverbs: Warning: getrlimit(RLIMIT_MEMLOCK) failed.Running script /home/robertcaulk/hackathon2018/weak_scalability/PREHACK/testMPI_weakScalability.py
Running script /home/robertcaulk/hackathon2018/weak_scalability/PREHACK/testMPI_weakScalability.py
libibverbs: Warning: getrlimit(RLIMIT_MEMLOCK) failed.Running script /home/robertcaulk/hackathon2018/weak_scalability/PREHACK/testMPI_weakScalability.py
libibverbs: Warning: getrlimit(RLIMIT_MEMLOCK) failed.libibverbs: Warning: getrlimit(RLIMIT_MEMLOCK) failed.Running script /home/robertcaulk/hackathon2018/weak_scalability/PREHACK/testMPI_weakScalability.py
libibverbs: Warning: getrlimit(RLIMIT_MEMLOCK) failed.Running script /home/robertcaulk/hackathon2018/weak_scalability/PREHACK/testMPI_weakScalability.py
libibverbs: Warning: getrlimit(RLIMIT_MEMLOCK) failed.Running script /home/robertcaulk/hackathon2018/weak_scalability/PREHACK/testMPI_weakScalability.py
libibverbs: Warning: getrlimit(RLIMIT_MEMLOCK) failed.Running script /home/robertcaulk/hackathon2018/weak_scalability/PREHACK/testMPI_weakScalability.py
libibverbs: Warning: getrlimit(RLIMIT_MEMLOCK) failed.Running script /home/robertcaulk/hackathon2018/weak_scalability/PREHACK/testMPI_weakScalability.py
libibverbs: Warning: getrlimit(RLIMIT_MEMLOCK) failed.Running script /home/robertcaulk/hackathon2018/weak_scalability/PREHACK/testMPI_weakScalability.py
libibverbs: Warning: getrlimit(RLIMIT_MEMLOCK) failed.Running script /home/robertcaulk/hackathon2018/weak_scalability/PREHACK/testMPI_weakScalability.py
libibverbs: Warning: getrlimit(RLIMIT_MEMLOCK) failed.Running script /home/robertcaulk/hackathon2018/weak_scalability/PREHACK/testMPI_weakScalability.py
libibverbs: Warning: getrlimit(RLIMIT_MEMLOCK) failed.Running script /home/robertcaulk/hackathon2018/weak_scalability/PREHACK/testMPI_weakScalability.py
libibverbs: Warning: getrlimit(RLIMIT_MEMLOCK) failed.Running script /home/robertcaulk/hackathon2018/weak_scalability/PREHACK/testMPI_weakScalability.py
libibverbs: Warning: getrlimit(RLIMIT_MEMLOCK) failed.Running script /home/robertcaulk/hackathon2018/weak_scalability/PREHACK/testMPI_weakScalability.py
libibverbs: Warning: getrlimit(RLIMIT_MEMLOCK) failed.Running script /home/robertcaulk/hackathon2018/weak_scalability/PREHACK/testMPI_weakScalability.py
libibverbs: Warning: getrlimit(RLIMIT_MEMLOCK) failed.Running script /home/robertcaulk/hackathon2018/weak_scalability/PREHACK/testMPI_weakScalability.py
libibverbs: Warning: getrlimit(RLIMIT_MEMLOCK) failed.Running script /home/robertcaulk/hackathon2018/weak_scalability/PREHACK/testMPI_weakScalability.py
libibverbs: Warning: getrlimit(RLIMIT_MEMLOCK) failed.Running script /home/robertcaulk/hackathon2018/weak_scalability/PREHACK/testMPI_weakScalability.py
libibverbs: Warning: getrlimit(RLIMIT_MEMLOCK) failed.Running script /home/robertcaulk/hackathon2018/weak_scalability/PREHACK/testMPI_weakScalability.py
libibverbs: Warning: getrlimit(RLIMIT_MEMLOCK) failed.Running script /home/robertcaulk/hackathon2018/weak_scalability/PREHACK/testMPI_weakScalability.py
libibverbs: Warning: getrlimit(RLIMIT_MEMLOCK) failed.Running script /home/robertcaulk/hackathon2018/weak_scalability/PREHACK/testMPI_weakScalability.py
libibverbs: Warning: getrlimit(RLIMIT_MEMLOCK) failed.Running script /home/robertcaulk/hackathon2018/weak_scalability/PREHACK/testMPI_weakScalability.py
libibverbs: Warning: getrlimit(RLIMIT_MEMLOCK) failed.Running script /home/robertcaulk/hackathon2018/weak_scalability/PREHACK/testMPI_weakScalability.py
libibverbs: Warning: getrlimit(RLIMIT_MEMLOCK) failed.Running script /home/robertcaulk/hackathon2018/weak_scalability/PREHACK/testMPI_weakScalability.py
libibverbs: Warning: getrlimit(RLIMIT_MEMLOCK) failed.Running script /home/robertcaulk/hackathon2018/weak_scalability/PREHACK/testMPI_weakScalability.py
libibverbs: Warning: getrlimit(RLIMIT_MEMLOCK) failed.Running script /home/robertcaulk/hackathon2018/weak_scalability/PREHACK/testMPI_weakScalability.py
libibverbs: Warning: getrlimit(RLIMIT_MEMLOCK) failed.Running script /home/robertcaulk/hackathon2018/weak_scalability/PREHACK/testMPI_weakScalability.py
libibverbs: Warning: getrlimit(RLIMIT_MEMLOCK) failed.Running script /home/robertcaulk/hackathon2018/weak_scalability/PREHACK/testMPI_weakScalability.py
libibverbs: Warning: getrlimit(RLIMIT_MEMLOCK) failed.Running script /home/robertcaulk/hackathon2018/weak_scalability/PREHACK/testMPI_weakScalability.py
libibverbs: Warning: getrlimit(RLIMIT_MEMLOCK) failed.Running script /home/robertcaulk/hackathon2018/weak_scalability/PREHACK/testMPI_weakScalability.py
Running script /home/robertcaulk/hackathon2018/weak_scalability/PREHACK/testMPI_weakScalability.py
libibverbs: Warning: getrlimit(RLIMIT_MEMLOCK) failed.libibverbs: Warning: getrlimit(RLIMIT_MEMLOCK) failed.Running script /home/robertcaulk/hackathon2018/weak_scalability/PREHACK/testMPI_weakScalability.py
libibverbs: Warning: getrlimit(RLIMIT_MEMLOCK) failed.Running script /home/robertcaulk/hackathon2018/weak_scalability/PREHACK/testMPI_weakScalability.py
Running script /home/robertcaulk/hackathon2018/weak_scalability/PREHACK/testMPI_weakScalability.py
Running script /home/robertcaulk/hackathon2018/weak_scalability/PREHACK/testMPI_weakScalability.py
libibverbs: Warning: getrlimit(RLIMIT_MEMLOCK) failed.libibverbs: Warning: getrlimit(RLIMIT_MEMLOCK) failed.Running script /home/robertcaulk/hackathon2018/weak_scalability/PREHACK/testMPI_weakScalability.py
Running script /home/robertcaulk/hackathon2018/weak_scalability/PREHACK/testMPI_weakScalability.py
libibverbs: Warning: getrlimit(RLIMIT_MEMLOCK) failed.libibverbs: Warning: getrlimit(RLIMIT_MEMLOCK) failed.Running script /home/robertcaulk/hackathon2018/weak_scalability/PREHACK/testMPI_weakScalability.py
Running script /home/robertcaulk/hackathon2018/weak_scalability/PREHACK/testMPI_weakScalability.py
libibverbs: Warning: getrlimit(RLIMIT_MEMLOCK) failed.libibverbs: Warning: getrlimit(RLIMIT_MEMLOCK) failed.Running script /home/robertcaulk/hackathon2018/weak_scalability/PREHACK/testMPI_weakScalability.py
Running script /home/robertcaulk/hackathon2018/weak_scalability/PREHACK/testMPI_weakScalability.py
libibverbs: Warning: getrlimit(RLIMIT_MEMLOCK) failed.libibverbs: Warning: getrlimit(RLIMIT_MEMLOCK) failed.Running script /home/robertcaulk/hackathon2018/weak_scalability/PREHACK/testMPI_weakScalability.py
Running script /home/robertcaulk/hackathon2018/weak_scalability/PREHACK/testMPI_weakScalability.py
libibverbs: Warning: getrlimit(RLIMIT_MEMLOCK) failed.libibverbs: Warning: getrlimit(RLIMIT_MEMLOCK) failed.Running script /home/robertcaulk/hackathon2018/weak_scalability/PREHACK/testMPI_weakScalability.py
libibverbs: Warning: getrlimit(RLIMIT_MEMLOCK) failed.Running script /home/robertcaulk/hackathon2018/weak_scalability/PREHACK/testMPI_weakScalability.py
libibverbs: Warning: getrlimit(RLIMIT_MEMLOCK) failed.Running script /home/robertcaulk/hackathon2018/weak_scalability/PREHACK/testMPI_weakScalability.py
libibverbs: Warning: getrlimit(RLIMIT_MEMLOCK) failed.Running script /home/robertcaulk/hackathon2018/weak_scalability/PREHACK/testMPI_weakScalability.py
libibverbs: Warning: getrlimit(RLIMIT_MEMLOCK) failed.Running script /home/robertcaulk/hackathon2018/weak_scalability/PREHACK/testMPI_weakScalability.py
libibverbs: Warning: getrlimit(RLIMIT_MEMLOCK) failed.Running script /home/robertcaulk/hackathon2018/weak_scalability/PREHACK/testMPI_weakScalability.py
libibverbs: Warning: getrlimit(RLIMIT_MEMLOCK) failed.Running script /home/robertcaulk/hackathon2018/weak_scalability/PREHACK/testMPI_weakScalability.py
libibverbs: Warning: getrlimit(RLIMIT_MEMLOCK) failed.Running script /home/robertcaulk/hackathon2018/weak_scalability/PREHACK/testMPI_weakScalability.py
libibverbs: Warning: getrlimit(RLIMIT_MEMLOCK) failed.Running script /home/robertcaulk/hackathon2018/weak_scalability/PREHACK/testMPI_weakScalability.py
libibverbs: Warning: getrlimit(RLIMIT_MEMLOCK) failed.Running script /home/robertcaulk/hackathon2018/weak_scalability/PREHACK/testMPI_weakScalability.py
libibverbs: Warning: getrlimit(RLIMIT_MEMLOCK) failed.Running script /home/robertcaulk/hackathon2018/weak_scalability/PREHACK/testMPI_weakScalability.py
libibverbs: Warning: getrlimit(RLIMIT_MEMLOCK) failed.Running script /home/robertcaulk/hackathon2018/weak_scalability/PREHACK/testMPI_weakScalability.py
libibverbs: Warning: getrlimit(RLIMIT_MEMLOCK) failed.Running script /home/robertcaulk/hackathon2018/weak_scalability/PREHACK/testMPI_weakScalability.py
libibverbs: Warning: getrlimit(RLIMIT_MEMLOCK) failed.Running script /home/robertcaulk/hackathon2018/weak_scalability/PREHACK/testMPI_weakScalability.py
libibverbs: Warning: getrlimit(RLIMIT_MEMLOCK) failed.Running script /home/robertcaulk/hackathon2018/weak_scalability/PREHACK/testMPI_weakScalability.py
libibverbs: Warning: getrlimit(RLIMIT_MEMLOCK) failed.Running script /home/robertcaulk/hackathon2018/weak_scalability/PREHACK/testMPI_weakScalability.py
libibverbs: Warning: getrlimit(RLIMIT_MEMLOCK) failed.Running script /home/robertcaulk/hackathon2018/weak_scalability/PREHACK/testMPI_weakScalability.py
libibverbs: Warning: getrlimit(RLIMIT_MEMLOCK) failed.Running script /home/robertcaulk/hackathon2018/weak_scalability/PREHACK/testMPI_weakScalability.py
libibverbs: Warning: getrlimit(RLIMIT_MEMLOCK) failed.Running script /home/robertcaulk/hackathon2018/weak_scalability/PREHACK/testMPI_weakScalability.py
libibverbs: Warning: getrlimit(RLIMIT_MEMLOCK) failed.Running script /home/robertcaulk/hackathon2018/weak_scalability/PREHACK/testMPI_weakScalability.py
Running script /home/robertcaulk/hackathon2018/weak_scalability/PREHACK/testMPI_weakScalability.py
Running script /home/robertcaulk/hackathon2018/weak_scalability/PREHACK/testMPI_weakScalability.py
Running script /home/robertcaulk/hackathon2018/weak_scalability/PREHACK/testMPI_weakScalability.py
Running script /home/robertcaulk/hackathon2018/weak_scalability/PREHACK/testMPI_weakScalability.py
libibverbs: Warning: getrlimit(RLIMIT_MEMLOCK) failed.libibverbs: Warning: getrlimit(RLIMIT_MEMLOCK) failed.Running script /home/robertcaulk/hackathon2018/weak_scalability/PREHACK/testMPI_weakScalability.py
libibverbs: Warning: getrlimit(RLIMIT_MEMLOCK) failed.libibverbs: Warning: getrlimit(RLIMIT_MEMLOCK) failed.libibverbs: Warning: getrlimit(RLIMIT_MEMLOCK) failed.libibverbs: Warning: getrlimit(RLIMIT_MEMLOCK) failed.libibverbs: Warning: getrlimit(RLIMIT_MEMLOCK) failed.Traceback (most recent call last):
  File "/nix/store/2zyax47xgnj0sa4k2vwa287qh8599ssq-yadedaily-mpi/bin/.yadempi-daily-wrapped", line 245, in runScript
    execfile(script,globals())
  File "/home/robertcaulk/hackathon2018/weak_scalability/PREHACK/testMPI_weakScalability.py", line 115, in <module>
    mp.mpirun(NSTEPS,merge)
  File "/nix/store/2zyax47xgnj0sa4k2vwa287qh8599ssq-yadedaily-mpi//nix/store/2zyax47xgnj0sa4k2vwa287qh8599ssq-yadedaily-mpi/lib/yadempi-daily/py/yade/mpy.py", line 553, in mpirun
    if not O.splitted: splitScene()
  File "/nix/store/2zyax47xgnj0sa4k2vwa287qh8599ssq-yadedaily-mpi//nix/store/2zyax47xgnj0sa4k2vwa287qh8599ssq-yadedaily-mpi/lib/yadempi-daily/py/yade/mpy.py", line 437, in splitScene
    O.stringToScene(comm.recv(source=0, tag=_SCENE_)) #receive a scene pre-processed by master (i.e. with appropriate body.subdomain's)
MemoryError
--------------------------------------------------------------------------
ORTE was unable to reliably start one or more daemons.
This usually is caused by:

* not finding the required libraries and/or binaries on
  one or more nodes. Please check your PATH and LD_LIBRARY_PATH
  settings, or configure OMPI with --enable-orterun-prefix-by-default

* lack of authority to execute on one or more specified nodes.
  Please verify your allocation and authorities.

* the inability to write startup files into /tmp (--tmpdir/orte_tmpdir_base).
  Please check with your sys admin to determine the correct location to use.

*  compilation of the orted with dynamic libraries when static are required
  (e.g., on Cray). Please check your configure cmd line and consider using
  one of the contrib/platform definitions for your system type.

* an inability to create a connection back to mpirun due to a
  lack of common network interfaces and/or no route found between
  them. Please check network connectivity (including firewalls
  and network routing requirements).
--------------------------------------------------------------------------
[frog26:27788] 7 more processes have sent help message help-errmgr-base.txt / failed-daemon-launch
[frog26:27788] Set MCA parameter "orte_base_help_aggregate" to 0 to see all help / error messages
