libibverbs: Warning: getrlimit(RLIMIT_MEMLOCK) failed.[frog143:101084] Warning: could not find environment variable "LD_LIBRARY_PATH"
/applis/ciment/v2/stow/noarch/irods_2.5/irods_completion.bash: line 69: complete: command not found
/applis/ciment/v2/stow/noarch/irods_2.5/irods_completion.bash: line 69: complete: command not found
/applis/ciment/v2/stow/noarch/irods_2.5/irods_completion.bash: line 69: complete: command not found
/applis/ciment/v2/stow/noarch/irods_2.5/irods_completion.bash: line 69: complete: command not found
/applis/ciment/v2/stow/noarch/irods_2.5/irods_completion.bash: line 69: complete: command not found
/applis/ciment/v2/stow/noarch/irods_2.5/irods_completion.bash: line 69: complete: command not found
/applis/ciment/v2/stow/noarch/irods_2.5/irods_completion.bash: line 69: complete: command not found
/applis/ciment/v2/stow/noarch/irods_2.5/irods_completion.bash: line 69: complete: command not found
/applis/ciment/v2/stow/noarch/irods_2.5/irods_completion.bash: line 69: complete: command not found
/applis/ciment/v2/stow/noarch/irods_2.5/irods_completion.bash: line 69: complete: command not found
/applis/ciment/v2/stow/noarch/irods_2.5/irods_completion.bash: line 69: complete: command not found
/applis/ciment/v2/stow/noarch/irods_2.5/irods_completion.bash: line 69: complete: command not found
/applis/ciment/v2/stow/noarch/irods_2.5/irods_completion.bash: line 69: complete: command not found
/applis/ciment/v2/stow/noarch/irods_2.5/irods_completion.bash: line 69: complete: command not found
/applis/ciment/v2/stow/noarch/irods_2.5/irods_completion.bash: line 69: complete: command not found
/applis/ciment/v2/stow/noarch/irods_2.5/irods_completion.bash: line 69: complete: command not found
GC Warning: pthread_getattr_np or pthread_attr_getstack failed for main thread
GC Warning: pthread_getattr_np or pthread_attr_getstack failed for main thread
GC Warning: pthread_getattr_np or pthread_attr_getstack failed for main thread
GC Warning: pthread_getattr_np or pthread_attr_getstack failed for main thread
GC Warning: pthread_getattr_np or pthread_attr_getstack failed for main thread
GC Warning: pthread_getattr_np or pthread_attr_getstack failed for main thread
GC Warning: pthread_getattr_np or pthread_attr_getstack failed for main thread
GC Warning: pthread_getattr_np or pthread_attr_getstack failed for main thread
GC Warning: pthread_getattr_np or pthread_attr_getstack failed for main thread
GC Warning: pthread_getattr_np or pthread_attr_getstack failed for main thread
GC Warning: pthread_getattr_np or pthread_attr_getstack failed for main thread
GC Warning: pthread_getattr_np or pthread_attr_getstack failed for main thread
GC Warning: pthread_getattr_np or pthread_attr_getstack failed for main thread
GC Warning: pthread_getattr_np or pthread_attr_getstack failed for main thread
GC Warning: pthread_getattr_np or pthread_attr_getstack failed for main thread
GC Warning: pthread_getattr_np or pthread_attr_getstack failed for main thread
/bin/sh: error importing function definition for `BASH_FUNC_module%%'
/bin/sh: error importing function definition for `BASH_FUNC_module%%'
/bin/sh: error importing function definition for `BASH_FUNC_module%%'
/bin/sh: error importing function definition for `BASH_FUNC_module%%'
/bin/sh: error importing function definition for `BASH_FUNC_module%%'
/bin/sh: error importing function definition for `BASH_FUNC_module%%'
/bin/sh: error importing function definition for `BASH_FUNC_module%%'
/bin/sh: error importing function definition for `BASH_FUNC_module%%'
/bin/sh: error importing function definition for `BASH_FUNC_module%%'
/bin/sh: error importing function definition for `BASH_FUNC_module%%'
/bin/sh: error importing function definition for `BASH_FUNC_module%%'
/bin/sh: error importing function definition for `BASH_FUNC_module%%'
/bin/sh: error importing function definition for `BASH_FUNC_module%%'
/bin/sh: error importing function definition for `BASH_FUNC_module%%'
/bin/sh: error importing function definition for `BASH_FUNC_module%%'
/bin/sh: error importing function definition for `BASH_FUNC_module%%'
/bin/sh: error importing function definition for `BASH_FUNC_module%%'
/bin/sh: error importing function definition for `BASH_FUNC_module%%'
/bin/sh: error importing function definition for `BASH_FUNC_module%%'
/bin/sh: error importing function definition for `BASH_FUNC_module%%'
/bin/sh: error importing function definition for `BASH_FUNC_module%%'
/bin/sh: error importing function definition for `BASH_FUNC_module%%'
/bin/sh: error importing function definition for `BASH_FUNC_module%%'
/bin/sh: error importing function definition for `BASH_FUNC_module%%'
/bin/sh: error importing function definition for `BASH_FUNC_module%%'
/bin/sh: error importing function definition for `BASH_FUNC_module%%'
/bin/sh: error importing function definition for `BASH_FUNC_module%%'
/bin/sh: error importing function definition for `BASH_FUNC_module%%'
/bin/sh: error importing function definition for `BASH_FUNC_module%%'
/bin/sh: error importing function definition for `BASH_FUNC_module%%'
/bin/sh: error importing function definition for `BASH_FUNC_module%%'
/bin/sh: error importing function definition for `BASH_FUNC_module%%'
Running script /home/robertcaulk/hackathon2018/strong_scalability/PREHACK/testMPI_strongScalability_noAlignedBox.py
Running script /home/robertcaulk/hackathon2018/strong_scalability/PREHACK/testMPI_strongScalability_noAlignedBox.py
Running script /home/robertcaulk/hackathon2018/strong_scalability/PREHACK/testMPI_strongScalability_noAlignedBox.py
libibverbs: Warning: getrlimit(RLIMIT_MEMLOCK) failed.Running script /home/robertcaulk/hackathon2018/strong_scalability/PREHACK/testMPI_strongScalability_noAlignedBox.py
libibverbs: Warning: getrlimit(RLIMIT_MEMLOCK) failed.libibverbs: Warning: getrlimit(RLIMIT_MEMLOCK) failed.Running script /home/robertcaulk/hackathon2018/strong_scalability/PREHACK/testMPI_strongScalability_noAlignedBox.py
libibverbs: Warning: getrlimit(RLIMIT_MEMLOCK) failed.libibverbs: Warning: getrlimit(RLIMIT_MEMLOCK) failed.Running script /home/robertcaulk/hackathon2018/strong_scalability/PREHACK/testMPI_strongScalability_noAlignedBox.py
libibverbs: Warning: getrlimit(RLIMIT_MEMLOCK) failed.Running script /home/robertcaulk/hackathon2018/strong_scalability/PREHACK/testMPI_strongScalability_noAlignedBox.py
libibverbs: Warning: getrlimit(RLIMIT_MEMLOCK) failed.Running script /home/robertcaulk/hackathon2018/strong_scalability/PREHACK/testMPI_strongScalability_noAlignedBox.py
libibverbs: Warning: getrlimit(RLIMIT_MEMLOCK) failed.Running script /home/robertcaulk/hackathon2018/strong_scalability/PREHACK/testMPI_strongScalability_noAlignedBox.py
libibverbs: Warning: getrlimit(RLIMIT_MEMLOCK) failed.Running script /home/robertcaulk/hackathon2018/strong_scalability/PREHACK/testMPI_strongScalability_noAlignedBox.py
libibverbs: Warning: getrlimit(RLIMIT_MEMLOCK) failed.Running script /home/robertcaulk/hackathon2018/strong_scalability/PREHACK/testMPI_strongScalability_noAlignedBox.py
Running script /home/robertcaulk/hackathon2018/strong_scalability/PREHACK/testMPI_strongScalability_noAlignedBox.py
libibverbs: Warning: getrlimit(RLIMIT_MEMLOCK) failed.Running script /home/robertcaulk/hackathon2018/strong_scalability/PREHACK/testMPI_strongScalability_noAlignedBox.py
libibverbs: Warning: getrlimit(RLIMIT_MEMLOCK) failed.Running script /home/robertcaulk/hackathon2018/strong_scalability/PREHACK/testMPI_strongScalability_noAlignedBox.py
libibverbs: Warning: getrlimit(RLIMIT_MEMLOCK) failed.Running script /home/robertcaulk/hackathon2018/strong_scalability/PREHACK/testMPI_strongScalability_noAlignedBox.py
libibverbs: Warning: getrlimit(RLIMIT_MEMLOCK) failed.Running script /home/robertcaulk/hackathon2018/strong_scalability/PREHACK/testMPI_strongScalability_noAlignedBox.py
libibverbs: Warning: getrlimit(RLIMIT_MEMLOCK) failed.total subdomains 15
libibverbs: Warning: getrlimit(RLIMIT_MEMLOCK) failed.[95mmaster:rank 4 triggers collider at iter 836: paused[0m
