libibverbs: Warning: getrlimit(RLIMIT_MEMLOCK) failed.[frog115:102959] Warning: could not find environment variable "LD_LIBRARY_PATH"
GC Warning: pthread_getattr_np or pthread_attr_getstack failed for main thread
GC Warning: pthread_getattr_np or pthread_attr_getstack failed for main thread
GC Warning: pthread_getattr_np or pthread_attr_getstack failed for main thread
GC Warning: pthread_getattr_np or pthread_attr_getstack failed for main thread
GC Warning: pthread_getattr_np or pthread_attr_getstack failed for main thread
libibverbs: Warning: getrlimit(RLIMIT_MEMLOCK) failed.GC Warning: pthread_getattr_np or pthread_attr_getstack failed for main thread
GC Warning: pthread_getattr_np or pthread_attr_getstack failed for main thread
GC Warning: pthread_getattr_np or pthread_attr_getstack failed for main thread
libibverbs: Warning: getrlimit(RLIMIT_MEMLOCK) failed.libibverbs: Warning: getrlimit(RLIMIT_MEMLOCK) failed.libibverbs: Warning: getrlimit(RLIMIT_MEMLOCK) failed.ls: cannot access /home/robertcaulk/.nix-profile: Stale file handle
/applis/ciment/v2/stow/noarch/irods_2.5/irods_completion.bash: line 69: complete: command not found
/applis/ciment/v2/stow/noarch/irods_2.5/irods_completion.bash: line 69: complete: command not found
/applis/ciment/v2/stow/noarch/irods_2.5/irods_completion.bash: line 69: complete: command not found
/applis/ciment/v2/stow/noarch/irods_2.5/irods_completion.bash: line 69: complete: command not found
/applis/ciment/v2/stow/noarch/irods_2.5/irods_completion.bash: line 69: complete: command not found
/applis/ciment/v2/stow/noarch/irods_2.5/irods_completion.bash: line 69: complete: command not found
/applis/ciment/v2/stow/noarch/irods_2.5/irods_completion.bash: line 69: complete: command not found
/applis/ciment/v2/stow/noarch/irods_2.5/irods_completion.bash: line 69: complete: command not found
/applis/ciment/v2/stow/noarch/irods_2.5/irods_completion.bash: line 69: complete: command not found
/applis/ciment/v2/stow/noarch/irods_2.5/irods_completion.bash: line 69: complete: command not found
/applis/ciment/v2/stow/noarch/irods_2.5/irods_completion.bash: line 69: complete: command not found
/applis/ciment/v2/stow/noarch/irods_2.5/irods_completion.bash: line 69: complete: command not found
/applis/ciment/v2/stow/noarch/irods_2.5/irods_completion.bash: line 69: complete: command not found
/applis/ciment/v2/stow/noarch/irods_2.5/irods_completion.bash: line 69: complete: command not found
/applis/ciment/v2/stow/noarch/irods_2.5/irods_completion.bash: line 69: complete: command not found
/applis/ciment/v2/stow/noarch/irods_2.5/irods_completion.bash: line 69: complete: command not found
GC Warning: pthread_getattr_np or pthread_attr_getstack failed for main thread
GC Warning: pthread_getattr_np or pthread_attr_getstack failed for main thread
GC Warning: pthread_getattr_np or pthread_attr_getstack failed for main thread
GC Warning: pthread_getattr_np or pthread_attr_getstack failed for main thread
GC Warning: pthread_getattr_np or pthread_attr_getstack failed for main thread
GC Warning: pthread_getattr_np or pthread_attr_getstack failed for main thread
GC Warning: pthread_getattr_np or pthread_attr_getstack failed for main thread
GC Warning: pthread_getattr_np or pthread_attr_getstack failed for main thread
GC Warning: pthread_getattr_np or pthread_attr_getstack failed for main thread
GC Warning: pthread_getattr_np or pthread_attr_getstack failed for main thread
GC Warning: pthread_getattr_np or pthread_attr_getstack failed for main thread
GC Warning: pthread_getattr_np or pthread_attr_getstack failed for main thread
GC Warning: pthread_getattr_np or pthread_attr_getstack failed for main thread
GC Warning: pthread_getattr_np or pthread_attr_getstack failed for main thread
GC Warning: pthread_getattr_np or pthread_attr_getstack failed for main thread
GC Warning: pthread_getattr_np or pthread_attr_getstack failed for main thread
/bin/sh: error importing function definition for `BASH_FUNC_module%%'
/bin/sh: error importing function definition for `BASH_FUNC_module%%'
/bin/sh: error importing function definition for `BASH_FUNC_module%%'
/bin/sh: error importing function definition for `BASH_FUNC_module%%'
/bin/sh: error importing function definition for `BASH_FUNC_module%%'
/bin/sh: error importing function definition for `BASH_FUNC_module%%'
/bin/sh: error importing function definition for `BASH_FUNC_module%%'
/bin/sh: error importing function definition for `BASH_FUNC_module%%'
/bin/sh: error importing function definition for `BASH_FUNC_module%%'
/bin/sh: error importing function definition for `BASH_FUNC_module%%'
/bin/sh: error importing function definition for `BASH_FUNC_module%%'
/bin/sh: error importing function definition for `BASH_FUNC_module%%'
/bin/sh: error importing function definition for `BASH_FUNC_module%%'
/bin/sh: error importing function definition for `BASH_FUNC_module%%'
/bin/sh: error importing function definition for `BASH_FUNC_module%%'
/bin/sh: error importing function definition for `BASH_FUNC_module%%'
/bin/sh: error importing function definition for `BASH_FUNC_module%%'
/bin/sh: error importing function definition for `BASH_FUNC_module%%'
/bin/sh: error importing function definition for `BASH_FUNC_module%%'
/bin/sh: error importing function definition for `BASH_FUNC_module%%'
/bin/sh: error importing function definition for `BASH_FUNC_module%%'
/bin/sh: error importing function definition for `BASH_FUNC_module%%'
/bin/sh: error importing function definition for `BASH_FUNC_module%%'
/bin/sh: error importing function definition for `BASH_FUNC_module%%'
/bin/sh: error importing function definition for `BASH_FUNC_module%%'
/bin/sh: error importing function definition for `BASH_FUNC_module%%'
/bin/sh: error importing function definition for `BASH_FUNC_module%%'
/bin/sh: error importing function definition for `BASH_FUNC_module%%'
/bin/sh: error importing function definition for `BASH_FUNC_module%%'
/bin/sh: error importing function definition for `BASH_FUNC_module%%'
/bin/sh: error importing function definition for `BASH_FUNC_module%%'
/bin/sh: error importing function definition for `BASH_FUNC_module%%'
Running script /home/robertcaulk/hackathon2018/weak_scalability/POSTHACK/testMPI_weakScalability.py
Running script /home/robertcaulk/hackathon2018/weak_scalability/POSTHACK/testMPI_weakScalability.py
Running script /home/robertcaulk/hackathon2018/weak_scalability/POSTHACK/testMPI_weakScalability.py
libibverbs: Warning: getrlimit(RLIMIT_MEMLOCK) failed.libibverbs: Warning: getrlimit(RLIMIT_MEMLOCK) failed.libibverbs: Warning: getrlimit(RLIMIT_MEMLOCK) failed.Running script /home/robertcaulk/hackathon2018/weak_scalability/POSTHACK/testMPI_weakScalability.py
Running script /home/robertcaulk/hackathon2018/weak_scalability/POSTHACK/testMPI_weakScalability.py
libibverbs: Warning: getrlimit(RLIMIT_MEMLOCK) failed.libibverbs: Warning: getrlimit(RLIMIT_MEMLOCK) failed.Running script /home/robertcaulk/hackathon2018/weak_scalability/POSTHACK/testMPI_weakScalability.py
libibverbs: Warning: getrlimit(RLIMIT_MEMLOCK) failed.Running script /home/robertcaulk/hackathon2018/weak_scalability/POSTHACK/testMPI_weakScalability.py
libibverbs: Warning: getrlimit(RLIMIT_MEMLOCK) failed.Running script /home/robertcaulk/hackathon2018/weak_scalability/POSTHACK/testMPI_weakScalability.py
libibverbs: Warning: getrlimit(RLIMIT_MEMLOCK) failed.Running script /home/robertcaulk/hackathon2018/weak_scalability/POSTHACK/testMPI_weakScalability.py
libibverbs: Warning: getrlimit(RLIMIT_MEMLOCK) failed.Running script /home/robertcaulk/hackathon2018/weak_scalability/POSTHACK/testMPI_weakScalability.py
libibverbs: Warning: getrlimit(RLIMIT_MEMLOCK) failed.Running script /home/robertcaulk/hackathon2018/weak_scalability/POSTHACK/testMPI_weakScalability.py
Running script /home/robertcaulk/hackathon2018/weak_scalability/POSTHACK/testMPI_weakScalability.py
Running script /home/robertcaulk/hackathon2018/weak_scalability/POSTHACK/testMPI_weakScalability.py
Running script /home/robertcaulk/hackathon2018/weak_scalability/POSTHACK/testMPI_weakScalability.py
libibverbs: Warning: getrlimit(RLIMIT_MEMLOCK) failed.Running script /home/robertcaulk/hackathon2018/weak_scalability/POSTHACK/testMPI_weakScalability.py
Running script /home/robertcaulk/hackathon2018/weak_scalability/POSTHACK/testMPI_weakScalability.py
libibverbs: Warning: getrlimit(RLIMIT_MEMLOCK) failed.libibverbs: Warning: getrlimit(RLIMIT_MEMLOCK) failed.libibverbs: Warning: getrlimit(RLIMIT_MEMLOCK) failed.libibverbs: Warning: getrlimit(RLIMIT_MEMLOCK) failed.Running script /home/robertcaulk/hackathon2018/weak_scalability/POSTHACK/testMPI_weakScalability.py
libibverbs: Warning: getrlimit(RLIMIT_MEMLOCK) failed.Running script /home/robertcaulk/hackathon2018/weak_scalability/POSTHACK/testMPI_weakScalability.py
Running script /home/robertcaulk/hackathon2018/weak_scalability/POSTHACK/testMPI_weakScalability.py
Running script /home/robertcaulk/hackathon2018/weak_scalability/POSTHACK/testMPI_weakScalability.py
libibverbs: Warning: getrlimit(RLIMIT_MEMLOCK) failed.libibverbs: Warning: getrlimit(RLIMIT_MEMLOCK) failed.libibverbs: Warning: getrlimit(RLIMIT_MEMLOCK) failed.Running script /home/robertcaulk/hackathon2018/weak_scalability/POSTHACK/testMPI_weakScalability.py
libibverbs: Warning: getrlimit(RLIMIT_MEMLOCK) failed.libibverbs: Warning: getrlimit(RLIMIT_MEMLOCK) failed.Running script /home/robertcaulk/hackathon2018/weak_scalability/POSTHACK/testMPI_weakScalability.py
Running script /home/robertcaulk/hackathon2018/weak_scalability/POSTHACK/testMPI_weakScalability.py
libibverbs: Warning: getrlimit(RLIMIT_MEMLOCK) failed.libibverbs: Warning: getrlimit(RLIMIT_MEMLOCK) failed.Running script /home/robertcaulk/hackathon2018/weak_scalability/POSTHACK/testMPI_weakScalability.py
Running script /home/robertcaulk/hackathon2018/weak_scalability/POSTHACK/testMPI_weakScalability.py
libibverbs: Warning: getrlimit(RLIMIT_MEMLOCK) failed.Running script /home/robertcaulk/hackathon2018/weak_scalability/POSTHACK/testMPI_weakScalability.py
libibverbs: Warning: getrlimit(RLIMIT_MEMLOCK) failed.libibverbs: Warning: getrlimit(RLIMIT_MEMLOCK) failed.Running script /home/robertcaulk/hackathon2018/weak_scalability/POSTHACK/testMPI_weakScalability.py
libibverbs: Warning: getrlimit(RLIMIT_MEMLOCK) failed.Running script /home/robertcaulk/hackathon2018/weak_scalability/POSTHACK/testMPI_weakScalability.py
libibverbs: Warning: getrlimit(RLIMIT_MEMLOCK) failed.Running script /home/robertcaulk/hackathon2018/weak_scalability/POSTHACK/testMPI_weakScalability.py
libibverbs: Warning: getrlimit(RLIMIT_MEMLOCK) failed.Running script /home/robertcaulk/hackathon2018/weak_scalability/POSTHACK/testMPI_weakScalability.py
libibverbs: Warning: getrlimit(RLIMIT_MEMLOCK) failed.Running script /home/robertcaulk/hackathon2018/weak_scalability/POSTHACK/testMPI_weakScalability.py
libibverbs: Warning: getrlimit(RLIMIT_MEMLOCK) failed.Running script /home/robertcaulk/hackathon2018/weak_scalability/POSTHACK/testMPI_weakScalability.py
libibverbs: Warning: getrlimit(RLIMIT_MEMLOCK) failed.Running script /home/robertcaulk/hackathon2018/weak_scalability/POSTHACK/testMPI_weakScalability.py
libibverbs: Warning: getrlimit(RLIMIT_MEMLOCK) failed.Running script /home/robertcaulk/hackathon2018/weak_scalability/POSTHACK/testMPI_weakScalability.py
libibverbs: Warning: getrlimit(RLIMIT_MEMLOCK) failed.Running script /home/robertcaulk/hackathon2018/weak_scalability/POSTHACK/testMPI_weakScalability.py
libibverbs: Warning: getrlimit(RLIMIT_MEMLOCK) failed.Running script /home/robertcaulk/hackathon2018/weak_scalability/POSTHACK/testMPI_weakScalability.py
libibverbs: Warning: getrlimit(RLIMIT_MEMLOCK) failed.Running script /home/robertcaulk/hackathon2018/weak_scalability/POSTHACK/testMPI_weakScalability.py
libibverbs: Warning: getrlimit(RLIMIT_MEMLOCK) failed.Running script /home/robertcaulk/hackathon2018/weak_scalability/POSTHACK/testMPI_weakScalability.py
libibverbs: Warning: getrlimit(RLIMIT_MEMLOCK) failed.Running script /home/robertcaulk/hackathon2018/weak_scalability/POSTHACK/testMPI_weakScalability.py
Running script /home/robertcaulk/hackathon2018/weak_scalability/POSTHACK/testMPI_weakScalability.py
Running script /home/robertcaulk/hackathon2018/weak_scalability/POSTHACK/testMPI_weakScalability.py
Running script /home/robertcaulk/hackathon2018/weak_scalability/POSTHACK/testMPI_weakScalability.py
Running script /home/robertcaulk/hackathon2018/weak_scalability/POSTHACK/testMPI_weakScalability.py
libibverbs: Warning: getrlimit(RLIMIT_MEMLOCK) failed.libibverbs: Warning: getrlimit(RLIMIT_MEMLOCK) failed.libibverbs: Warning: getrlimit(RLIMIT_MEMLOCK) failed.libibverbs: Warning: getrlimit(RLIMIT_MEMLOCK) failed.libibverbs: Warning: getrlimit(RLIMIT_MEMLOCK) failed.Running script /home/robertcaulk/hackathon2018/weak_scalability/POSTHACK/testMPI_weakScalability.py
libibverbs: Warning: getrlimit(RLIMIT_MEMLOCK) failed.Running script /home/robertcaulk/hackathon2018/weak_scalability/POSTHACK/testMPI_weakScalability.py
Running script /home/robertcaulk/hackathon2018/weak_scalability/POSTHACK/testMPI_weakScalability.py
libibverbs: Warning: getrlimit(RLIMIT_MEMLOCK) failed.libibverbs: Warning: getrlimit(RLIMIT_MEMLOCK) failed.Running script /home/robertcaulk/hackathon2018/weak_scalability/POSTHACK/testMPI_weakScalability.py
Running script /home/robertcaulk/hackathon2018/weak_scalability/POSTHACK/testMPI_weakScalability.py
libibverbs: Warning: getrlimit(RLIMIT_MEMLOCK) failed.libibverbs: Warning: getrlimit(RLIMIT_MEMLOCK) failed.Running script /home/robertcaulk/hackathon2018/weak_scalability/POSTHACK/testMPI_weakScalability.py
Running script /home/robertcaulk/hackathon2018/weak_scalability/POSTHACK/testMPI_weakScalability.py
libibverbs: Warning: getrlimit(RLIMIT_MEMLOCK) failed.libibverbs: Warning: getrlimit(RLIMIT_MEMLOCK) failed.Running script /home/robertcaulk/hackathon2018/weak_scalability/POSTHACK/testMPI_weakScalability.py
libibverbs: Warning: getrlimit(RLIMIT_MEMLOCK) failed.Running script /home/robertcaulk/hackathon2018/weak_scalability/POSTHACK/testMPI_weakScalability.py
libibverbs: Warning: getrlimit(RLIMIT_MEMLOCK) failed.Running script /home/robertcaulk/hackathon2018/weak_scalability/POSTHACK/testMPI_weakScalability.py
libibverbs: Warning: getrlimit(RLIMIT_MEMLOCK) failed.Running script /home/robertcaulk/hackathon2018/weak_scalability/POSTHACK/testMPI_weakScalability.py
libibverbs: Warning: getrlimit(RLIMIT_MEMLOCK) failed.Running script /home/robertcaulk/hackathon2018/weak_scalability/POSTHACK/testMPI_weakScalability.py
Running script /home/robertcaulk/hackathon2018/weak_scalability/POSTHACK/testMPI_weakScalability.py
libibverbs: Warning: getrlimit(RLIMIT_MEMLOCK) failed.Running script /home/robertcaulk/hackathon2018/weak_scalability/POSTHACK/testMPI_weakScalability.py
libibverbs: Warning: getrlimit(RLIMIT_MEMLOCK) failed.Running script /home/robertcaulk/hackathon2018/weak_scalability/POSTHACK/testMPI_weakScalability.py
libibverbs: Warning: getrlimit(RLIMIT_MEMLOCK) failed.Running script /home/robertcaulk/hackathon2018/weak_scalability/POSTHACK/testMPI_weakScalability.py
libibverbs: Warning: getrlimit(RLIMIT_MEMLOCK) failed.Running script /home/robertcaulk/hackathon2018/weak_scalability/POSTHACK/testMPI_weakScalability.py
libibverbs: Warning: getrlimit(RLIMIT_MEMLOCK) failed.Running script /home/robertcaulk/hackathon2018/weak_scalability/POSTHACK/testMPI_weakScalability.py
libibverbs: Warning: getrlimit(RLIMIT_MEMLOCK) failed.Running script /home/robertcaulk/hackathon2018/weak_scalability/POSTHACK/testMPI_weakScalability.py
libibverbs: Warning: getrlimit(RLIMIT_MEMLOCK) failed.Running script /home/robertcaulk/hackathon2018/weak_scalability/POSTHACK/testMPI_weakScalability.py
libibverbs: Warning: getrlimit(RLIMIT_MEMLOCK) failed.Running script /home/robertcaulk/hackathon2018/weak_scalability/POSTHACK/testMPI_weakScalability.py
libibverbs: Warning: getrlimit(RLIMIT_MEMLOCK) failed.libibverbs: Warning: getrlimit(RLIMIT_MEMLOCK) failed.Traceback (most recent call last):
  File "/nix/store/2zyax47xgnj0sa4k2vwa287qh8599ssq-yadedaily-mpi/bin/.yadempi-daily-wrapped", line 245, in runScript
    execfile(script,globals())
  File "/home/robertcaulk/hackathon2018/weak_scalability/POSTHACK/testMPI_weakScalability.py", line 115, in <module>
    mp.mpirun(NSTEPS,merge)
  File "/nix/store/2zyax47xgnj0sa4k2vwa287qh8599ssq-yadedaily-mpi//nix/store/2zyax47xgnj0sa4k2vwa287qh8599ssq-yadedaily-mpi/lib/yadempi-daily/py/yade/mpf.py", line 640, in mpirun
    if not O.splitted: splitScene()
  File "/nix/store/2zyax47xgnj0sa4k2vwa287qh8599ssq-yadedaily-mpi//nix/store/2zyax47xgnj0sa4k2vwa287qh8599ssq-yadedaily-mpi/lib/yadempi-daily/py/yade/mpf.py", line 522, in splitScene
    O.stringToScene(comm.recv(source=0, tag=_SCENE_)) #receive a scene pre-processed by master (i.e. with appropriate body.subdomain's)
MemoryError
Traceback (most recent call last):
  File "/nix/store/2zyax47xgnj0sa4k2vwa287qh8599ssq-yadedaily-mpi/bin/.yadempi-daily-wrapped", line 245, in runScript
    execfile(script,globals())
  File "/home/robertcaulk/hackathon2018/weak_scalability/POSTHACK/testMPI_weakScalability.py", line 115, in <module>
    mp.mpirun(NSTEPS,merge)
  File "/nix/store/2zyax47xgnj0sa4k2vwa287qh8599ssq-yadedaily-mpi//nix/store/2zyax47xgnj0sa4k2vwa287qh8599ssq-yadedaily-mpi/lib/yadempi-daily/py/yade/mpf.py", line 640, in mpirun
    if not O.splitted: splitScene()
  File "/nix/store/2zyax47xgnj0sa4k2vwa287qh8599ssq-yadedaily-mpi//nix/store/2zyax47xgnj0sa4k2vwa287qh8599ssq-yadedaily-mpi/lib/yadempi-daily/py/yade/mpf.py", line 522, in splitScene
    O.stringToScene(comm.recv(source=0, tag=_SCENE_)) #receive a scene pre-processed by master (i.e. with appropriate body.subdomain's)
  File "mpi4py/MPI/Comm.pyx", line 1173, in mpi4py.MPI.Comm.recv
  File "mpi4py/MPI/msgpickle.pxi", line 303, in mpi4py.MPI.PyMPI_recv
  File "mpi4py/MPI/msgpickle.pxi", line 264, in mpi4py.MPI.PyMPI_recv_match
  File "mpi4py/MPI/msgpickle.pxi", line 140, in mpi4py.MPI.Pickle.alloc
MemoryError
Traceback (most recent call last):
  File "/nix/store/2zyax47xgnj0sa4k2vwa287qh8599ssq-yadedaily-mpi/bin/.yadempi-daily-wrapped", line 245, in runScript
    execfile(script,globals())
  File "/home/robertcaulk/hackathon2018/weak_scalability/POSTHACK/testMPI_weakScalability.py", line 115, in <module>
    mp.mpirun(NSTEPS,merge)
  File "/nix/store/2zyax47xgnj0sa4k2vwa287qh8599ssq-yadedaily-mpi//nix/store/2zyax47xgnj0sa4k2vwa287qh8599ssq-yadedaily-mpi/lib/yadempi-daily/py/yade/mpf.py", line 640, in mpirun
    if not O.splitted: splitScene()
  File "/nix/store/2zyax47xgnj0sa4k2vwa287qh8599ssq-yadedaily-mpi//nix/store/2zyax47xgnj0sa4k2vwa287qh8599ssq-yadedaily-mpi/lib/yadempi-daily/py/yade/mpf.py", line 522, in splitScene
    O.stringToScene(comm.recv(source=0, tag=_SCENE_)) #receive a scene pre-processed by master (i.e. with appropriate body.subdomain's)
MemoryError
Traceback (most recent call last):
  File "/nix/store/2zyax47xgnj0sa4k2vwa287qh8599ssq-yadedaily-mpi/bin/.yadempi-daily-wrapped", line 245, in runScript
    execfile(script,globals())
  File "/home/robertcaulk/hackathon2018/weak_scalability/POSTHACK/testMPI_weakScalability.py", line 115, in <module>
    mp.mpirun(NSTEPS,merge)
  File "/nix/store/2zyax47xgnj0sa4k2vwa287qh8599ssq-yadedaily-mpi//nix/store/2zyax47xgnj0sa4k2vwa287qh8599ssq-yadedaily-mpi/lib/yadempi-daily/py/yade/mpf.py", line 640, in mpirun
    if not O.splitted: splitScene()
  File "/nix/store/2zyax47xgnj0sa4k2vwa287qh8599ssq-yadedaily-mpi//nix/store/2zyax47xgnj0sa4k2vwa287qh8599ssq-yadedaily-mpi/lib/yadempi-daily/py/yade/mpf.py", line 522, in splitScene
    O.stringToScene(comm.recv(source=0, tag=_SCENE_)) #receive a scene pre-processed by master (i.e. with appropriate body.subdomain's)
MemoryError
